<?xml version="1.0" encoding="UTF-8"?>
<!-- Generated by org.testng.reporters.JUnitReportReporter -->
<testsuite hostname="ChuJPqwerufgxj" name="com.zendaimoney.autotest.demo.testcase.TestBaidu" tests="1" failures="0" timestamp="22 Mar 2015 14:07:22 GMT" time="3.403" errors="0">
  <testcase name="Test_01_QueryTest" time="3.403" classname="com.zendaimoney.autotest.demo.testcase.TestBaidu"/>
</testsuite> <!-- com.zendaimoney.autotest.demo.testcase.TestBaidu -->
