<?xml version="1.0" encoding="UTF-8"?>
<!-- Generated by org.testng.reporters.JUnitReportReporter -->
<testsuite hostname="ChuJPqwerufgxj" name="com.github.harrischu.demo.testcase.TestBaidu" tests="1" failures="0" timestamp="22 Mar 2015 14:17:23 GMT" time="3.219" errors="0">
  <testcase name="Test_01_QueryTest" time="3.219" classname="com.github.harrischu.demo.testcase.TestBaidu"/>
</testsuite> <!-- com.github.harrischu.demo.testcase.TestBaidu -->
